[2019-06-27 10:55:10.828] [renderer1] [error] Error: Error: ENOENT: no such file or directory, stat '/home/amit/Documents/MathFormula/.vscode'
[2019-06-27 11:29:25.552] [renderer1] [error] TypeScript Server Error (3.5.1)
Cannot read property 'parent' of undefined
TypeError: Cannot read property 'parent' of undefined
    at Object.deleteDeclaration (tsserver.js:112645:56)
    at _loop_9 (tsserver.js:112264:47)
    at ChangeTracker.finishDeleteDeclarations (tsserver.js:112271:21)
    at ChangeTracker.getChanges (tsserver.js:112291:22)
    at Function.ChangeTracker.with (tsserver.js:111836:32)
    at Object.getCodeActions (tsserver.js:116433:68)
    at tsserver.js:112821:121
    at Object.flatMap (tsserver.js:573:25)
    at Object.getFixes (tsserver.js:112821:23)
    at tsserver.js:122397:35
    at Object.flatMap (tsserver.js:573:25)
    at Object.getCodeFixesAtPosition (tsserver.js:122395:23)
    at IOSession.Session.getCodeFixes (tsserver.js:131443:64)
    at Session.handlers.ts.createMapFromTemplate._a.(anonymous function) (tsserver.js:130193:61)
    at tsserver.js:131637:88
    at IOSession.Session.executeWithRequestId (tsserver.js:131628:28)
    at IOSession.Session.executeCommand (tsserver.js:131637:33)
    at IOSession.Session.onMessage (tsserver.js:131659:35)
    at Interface.<anonymous> (tsserver.js:132950:27)
    at Interface.emit (events.js:182:13)
    at Interface._onLine (readline.js:290:10)
    at Interface._normalWrite (readline.js:433:12)
    at Socket.ondata (readline.js:149:10)
    at Socket.emit (events.js:182:13)
    at addChunk (_stream_readable.js:279:12)
    at readableAddChunk (_stream_readable.js:264:11)
    at Socket.Readable.push (_stream_readable.js:219:10)
    at Pipe.onread (net.js:636:20): Error: TypeScript Server Error (3.5.1)
Cannot read property 'parent' of undefined
TypeError: Cannot read property 'parent' of undefined
    at Object.deleteDeclaration (tsserver.js:112645:56)
    at _loop_9 (tsserver.js:112264:47)
    at ChangeTracker.finishDeleteDeclarations (tsserver.js:112271:21)
    at ChangeTracker.getChanges (tsserver.js:112291:22)
    at Function.ChangeTracker.with (tsserver.js:111836:32)
    at Object.getCodeActions (tsserver.js:116433:68)
    at tsserver.js:112821:121
    at Object.flatMap (tsserver.js:573:25)
    at Object.getFixes (tsserver.js:112821:23)
    at tsserver.js:122397:35
    at Object.flatMap (tsserver.js:573:25)
    at Object.getCodeFixesAtPosition (tsserver.js:122395:23)
    at IOSession.Session.getCodeFixes (tsserver.js:131443:64)
    at Session.handlers.ts.createMapFromTemplate._a.(anonymous function) (tsserver.js:130193:61)
    at tsserver.js:131637:88
    at IOSession.Session.executeWithRequestId (tsserver.js:131628:28)
    at IOSession.Session.executeCommand (tsserver.js:131637:33)
    at IOSession.Session.onMessage (tsserver.js:131659:35)
    at Interface.<anonymous> (tsserver.js:132950:27)
    at Interface.emit (events.js:182:13)
    at Interface._onLine (readline.js:290:10)
    at Interface._normalWrite (readline.js:433:12)
    at Socket.ondata (readline.js:149:10)
    at Socket.emit (events.js:182:13)
    at addChunk (_stream_readable.js:279:12)
    at readableAddChunk (_stream_readable.js:264:11)
    at Socket.Readable.push (_stream_readable.js:219:10)
    at Pipe.onread (net.js:636:20)
	at Function.create (/usr/share/code/resources/app/extensions/typescript-language-features/dist/extension.js:1:197728)
	at v.dispatchResponse (/usr/share/code/resources/app/extensions/typescript-language-features/dist/extension.js:1:203096)
	at v.dispatchMessage (/usr/share/code/resources/app/extensions/typescript-language-features/dist/extension.js:1:201848)
	at constructor._reader.onData.e (/usr/share/code/resources/app/extensions/typescript-language-features/dist/extension.js:1:201204)
	at u.fire (/usr/share/code/resources/app/out/vs/workbench/services/extensions/node/extensionHostProcess.js:47:720)
	at t.Reader.onLengthData (/usr/share/code/resources/app/extensions/typescript-language-features/dist/extension.js:1:206508)
	at Socket.t.Reader.constructor.e.on.e (/usr/share/code/resources/app/extensions/typescript-language-features/dist/extension.js:1:206156)
	at Socket.emit (events.js:182:13)
	at addChunk (_stream_readable.js:279:12)
	at readableAddChunk (_stream_readable.js:264:11)
	at Socket.Readable.push (_stream_readable.js:219:10)
	at Pipe.onread (net.js:636:20)
[2019-06-27 12:13:45.725] [renderer1] [error] An unknown error occurred. Please consult the log for more details.
[2019-06-27 12:13:48.840] [renderer1] [error] An unknown error occurred. Please consult the log for more details.
[2019-06-27 12:13:50.157] [renderer1] [error] An unknown error occurred. Please consult the log for more details.
